js-bson: Failed to load c++ bson extension, using pure JS version
js-bson: Failed to load c++ bson extension, using pure JS version
js-bson: Failed to load c++ bson extension, using pure JS version
js-bson: Failed to load c++ bson extension, using pure JS version
js-bson: Failed to load c++ bson extension, using pure JS version
js-bson: Failed to load c++ bson extension, using pure JS version
js-bson: Failed to load c++ bson extension, using pure JS version
js-bson: Failed to load c++ bson extension, using pure JS version
js-bson: Failed to load c++ bson extension, using pure JS version
js-bson: Failed to load c++ bson extension, using pure JS version
js-bson: Failed to load c++ bson extension, using pure JS version
js-bson: Failed to load c++ bson extension, using pure JS version
js-bson: Failed to load c++ bson extension, using pure JS version
js-bson: Failed to load c++ bson extension, using pure JS version
js-bson: Failed to load c++ bson extension, using pure JS version
js-bson: Failed to load c++ bson extension, using pure JS version
js-bson: Failed to load c++ bson extension, using pure JS version
js-bson: Failed to load c++ bson extension, using pure JS version
js-bson: Failed to load c++ bson extension, using pure JS version
/usr/local/nodeprj3/parsingfile/LecturesParserFile/556eec7a9dc2fb9d6d529d9e_1434291337948.js:24
    var $ = window.$;
                  ^
TypeError: Cannot read property '$' of undefined
    at Object.jsdom.env.done (/usr/local/nodeprj3/parsingfile/LecturesParserFile/556eec7a9dc2fb9d6d529d9e_1434291337948.js:24:19)
    at Request._callback (/usr/local/nodeprj3/parsingfile/LecturesParserFile/node_modules/jsdom/lib/jsdom.js:169:18)
    at self.callback (/usr/local/nodeprj3/parsingfile/LecturesParserFile/node_modules/jsdom/node_modules/request/request.js:354:22)
    at Request.emit (events.js:107:17)
    at Request.onRequestError (/usr/local/nodeprj3/parsingfile/LecturesParserFile/node_modules/jsdom/node_modules/request/request.js:1011:8)
    at ClientRequest.emit (events.js:107:17)
    at Socket.socketOnEnd (_http_client.js:300:9)
    at Socket.emit (events.js:129:20)
    at _stream_readable.js:908:16
    at process._tickCallback (node.js:355:11)
js-bson: Failed to load c++ bson extension, using pure JS version
js-bson: Failed to load c++ bson extension, using pure JS version
js-bson: Failed to load c++ bson extension, using pure JS version
js-bson: Failed to load c++ bson extension, using pure JS version
js-bson: Failed to load c++ bson extension, using pure JS version
js-bson: Failed to load c++ bson extension, using pure JS version
